<?xml version="1.0" encoding="UTF-8"?>
<testng-results ignored="0" total="9" passed="9" failed="0" skipped="0">
  <reporter-output>
  </reporter-output>
  <suite started-at="2024-05-10T15:08:45 IST" name="Surefire suite" finished-at="2024-05-10T15:09:01 IST" duration-ms="16628">
    <groups>
      <group name="smoke">
        <method signature="TestRunner.verifyAddProduct()[pri:0, instance:TestCases.TestRunner@22e357dc]" name="verifyAddProduct" class="TestCases.TestRunner"/>
      </group> <!-- smoke -->
      <group name="sanity">
        <method signature="TestRunner.verifyCartPage()[pri:0, instance:TestCases.TestRunner@22e357dc]" name="verifyCartPage" class="TestCases.TestRunner"/>
      </group> <!-- sanity -->
    </groups>
    <test started-at="2024-05-10T15:08:45 IST" name="Surefire test" finished-at="2024-05-10T15:09:01 IST" duration-ms="16628">
      <class name="TestCases.TestRunner">
        <test-method is-config="true" signature="launchBrowser()[pri:0, instance:TestCases.TestRunner@22e357dc]" started-at="2024-05-10T15:08:31 IST" name="launchBrowser" finished-at="2024-05-10T15:08:45 IST" duration-ms="13814" status="PASS">
          <reporter-output>
          </reporter-output>
        </test-method> <!-- launchBrowser -->
        <test-method is-config="true" signature="loginToSite()[pri:0, instance:TestCases.TestRunner@22e357dc]" started-at="2024-05-10T15:08:45 IST" name="loginToSite" finished-at="2024-05-10T15:08:47 IST" duration-ms="1954" status="PASS">
          <reporter-output>
          </reporter-output>
        </test-method> <!-- loginToSite -->
        <test-method signature="verifyAddProduct()[pri:0, instance:TestCases.TestRunner@22e357dc]" started-at="2024-05-10T15:08:47 IST" name="verifyAddProduct" finished-at="2024-05-10T15:08:47 IST" duration-ms="596" status="PASS">
          <reporter-output>
          </reporter-output>
        </test-method> <!-- verifyAddProduct -->
        <test-method is-config="true" signature="logOut()[pri:0, instance:TestCases.TestRunner@22e357dc]" started-at="2024-05-10T15:08:47 IST" name="logOut" finished-at="2024-05-10T15:08:48 IST" duration-ms="318" status="PASS">
          <reporter-output>
          </reporter-output>
        </test-method> <!-- logOut -->
        <test-method is-config="true" signature="loginToSite()[pri:0, instance:TestCases.TestRunner@22e357dc]" started-at="2024-05-10T15:08:48 IST" name="loginToSite" finished-at="2024-05-10T15:08:48 IST" duration-ms="386" status="PASS">
          <reporter-output>
          </reporter-output>
        </test-method> <!-- loginToSite -->
        <test-method signature="verifyAddProduct()[pri:0, instance:TestCases.TestRunner@22e357dc]" started-at="2024-05-10T15:08:48 IST" name="verifyAddProduct" finished-at="2024-05-10T15:08:49 IST" duration-ms="448" status="PASS">
          <reporter-output>
          </reporter-output>
        </test-method> <!-- verifyAddProduct -->
        <test-method is-config="true" signature="logOut()[pri:0, instance:TestCases.TestRunner@22e357dc]" started-at="2024-05-10T15:08:49 IST" name="logOut" finished-at="2024-05-10T15:08:49 IST" duration-ms="282" status="PASS">
          <reporter-output>
          </reporter-output>
        </test-method> <!-- logOut -->
        <test-method is-config="true" signature="loginToSite()[pri:0, instance:TestCases.TestRunner@22e357dc]" started-at="2024-05-10T15:08:49 IST" name="loginToSite" finished-at="2024-05-10T15:08:49 IST" duration-ms="322" status="PASS">
          <reporter-output>
          </reporter-output>
        </test-method> <!-- loginToSite -->
        <test-method signature="verifyAddProduct()[pri:0, instance:TestCases.TestRunner@22e357dc]" started-at="2024-05-10T15:08:49 IST" name="verifyAddProduct" finished-at="2024-05-10T15:08:50 IST" duration-ms="405" status="PASS">
          <reporter-output>
          </reporter-output>
        </test-method> <!-- verifyAddProduct -->
        <test-method is-config="true" signature="logOut()[pri:0, instance:TestCases.TestRunner@22e357dc]" started-at="2024-05-10T15:08:50 IST" name="logOut" finished-at="2024-05-10T15:08:50 IST" duration-ms="317" status="PASS">
          <reporter-output>
          </reporter-output>
        </test-method> <!-- logOut -->
        <test-method is-config="true" signature="loginToSite()[pri:0, instance:TestCases.TestRunner@22e357dc]" started-at="2024-05-10T15:08:50 IST" name="loginToSite" finished-at="2024-05-10T15:08:50 IST" duration-ms="327" status="PASS">
          <reporter-output>
          </reporter-output>
        </test-method> <!-- loginToSite -->
        <test-method signature="verifyAddProduct()[pri:0, instance:TestCases.TestRunner@22e357dc]" started-at="2024-05-10T15:08:50 IST" name="verifyAddProduct" finished-at="2024-05-10T15:08:51 IST" duration-ms="393" status="PASS">
          <reporter-output>
          </reporter-output>
        </test-method> <!-- verifyAddProduct -->
        <test-method is-config="true" signature="logOut()[pri:0, instance:TestCases.TestRunner@22e357dc]" started-at="2024-05-10T15:08:51 IST" name="logOut" finished-at="2024-05-10T15:08:51 IST" duration-ms="282" status="PASS">
          <reporter-output>
          </reporter-output>
        </test-method> <!-- logOut -->
        <test-method is-config="true" signature="loginToSite()[pri:0, instance:TestCases.TestRunner@22e357dc]" started-at="2024-05-10T15:08:51 IST" name="loginToSite" finished-at="2024-05-10T15:08:51 IST" duration-ms="339" status="PASS">
          <reporter-output>
          </reporter-output>
        </test-method> <!-- loginToSite -->
        <test-method signature="verifyAddProduct()[pri:0, instance:TestCases.TestRunner@22e357dc]" started-at="2024-05-10T15:08:51 IST" name="verifyAddProduct" finished-at="2024-05-10T15:08:52 IST" duration-ms="365" status="PASS">
          <reporter-output>
          </reporter-output>
        </test-method> <!-- verifyAddProduct -->
        <test-method is-config="true" signature="logOut()[pri:0, instance:TestCases.TestRunner@22e357dc]" started-at="2024-05-10T15:08:52 IST" name="logOut" finished-at="2024-05-10T15:08:52 IST" duration-ms="279" status="PASS">
          <reporter-output>
          </reporter-output>
        </test-method> <!-- logOut -->
        <test-method is-config="true" signature="loginToSite()[pri:0, instance:TestCases.TestRunner@22e357dc]" started-at="2024-05-10T15:08:52 IST" name="loginToSite" finished-at="2024-05-10T15:08:52 IST" duration-ms="332" status="PASS">
          <reporter-output>
          </reporter-output>
        </test-method> <!-- loginToSite -->
        <test-method signature="verifyCartPage()[pri:0, instance:TestCases.TestRunner@22e357dc]" started-at="2024-05-10T15:08:52 IST" name="verifyCartPage" finished-at="2024-05-10T15:08:56 IST" duration-ms="3508" status="PASS">
          <reporter-output>
          </reporter-output>
        </test-method> <!-- verifyCartPage -->
        <test-method is-config="true" signature="logOut()[pri:0, instance:TestCases.TestRunner@22e357dc]" started-at="2024-05-10T15:08:56 IST" name="logOut" finished-at="2024-05-10T15:08:56 IST" duration-ms="282" status="PASS">
          <reporter-output>
          </reporter-output>
        </test-method> <!-- logOut -->
        <test-method is-config="true" signature="loginToSite()[pri:0, instance:TestCases.TestRunner@22e357dc]" started-at="2024-05-10T15:08:56 IST" name="loginToSite" finished-at="2024-05-10T15:08:56 IST" duration-ms="320" status="PASS">
          <reporter-output>
          </reporter-output>
        </test-method> <!-- loginToSite -->
        <test-method signature="addingMultipleProduct()[pri:3, instance:TestCases.TestRunner@22e357dc]" started-at="2024-05-10T15:08:56 IST" name="addingMultipleProduct" finished-at="2024-05-10T15:08:57 IST" duration-ms="732" status="PASS">
          <reporter-output>
          </reporter-output>
        </test-method> <!-- addingMultipleProduct -->
        <test-method is-config="true" signature="logOut()[pri:0, instance:TestCases.TestRunner@22e357dc]" started-at="2024-05-10T15:08:57 IST" name="logOut" finished-at="2024-05-10T15:08:57 IST" duration-ms="321" status="PASS">
          <reporter-output>
          </reporter-output>
        </test-method> <!-- logOut -->
        <test-method is-config="true" signature="loginToSite()[pri:0, instance:TestCases.TestRunner@22e357dc]" started-at="2024-05-10T15:08:57 IST" name="loginToSite" finished-at="2024-05-10T15:08:58 IST" duration-ms="307" status="PASS">
          <reporter-output>
          </reporter-output>
        </test-method> <!-- loginToSite -->
        <test-method signature="placeOrder()[pri:4, instance:TestCases.TestRunner@22e357dc]" started-at="2024-05-10T15:08:58 IST" name="placeOrder" finished-at="2024-05-10T15:09:00 IST" duration-ms="1853" status="PASS">
          <reporter-output>
          </reporter-output>
        </test-method> <!-- placeOrder -->
        <test-method is-config="true" signature="logOut()[pri:0, instance:TestCases.TestRunner@22e357dc]" started-at="2024-05-10T15:09:00 IST" name="logOut" finished-at="2024-05-10T15:09:00 IST" duration-ms="304" status="PASS">
          <reporter-output>
          </reporter-output>
        </test-method> <!-- logOut -->
        <test-method is-config="true" signature="loginToSite()[pri:0, instance:TestCases.TestRunner@22e357dc]" started-at="2024-05-10T15:09:00 IST" name="loginToSite" finished-at="2024-05-10T15:09:00 IST" duration-ms="305" status="PASS">
          <reporter-output>
          </reporter-output>
        </test-method> <!-- loginToSite -->
        <test-method signature="resetAppstate()[pri:5, instance:TestCases.TestRunner@22e357dc]" started-at="2024-05-10T15:09:00 IST" name="resetAppstate" finished-at="2024-05-10T15:09:01 IST" duration-ms="915" status="PASS">
          <reporter-output>
          </reporter-output>
        </test-method> <!-- resetAppstate -->
        <test-method is-config="true" signature="logOut()[pri:0, instance:TestCases.TestRunner@22e357dc]" started-at="2024-05-10T15:09:01 IST" name="logOut" finished-at="2024-05-10T15:09:01 IST" duration-ms="308" status="PASS">
          <reporter-output>
          </reporter-output>
        </test-method> <!-- logOut -->
        <test-method is-config="true" signature="tearDown()[pri:0, instance:TestCases.TestRunner@22e357dc]" started-at="2024-05-10T15:09:01 IST" name="tearDown" finished-at="2024-05-10T15:09:02 IST" duration-ms="579" status="PASS">
          <reporter-output>
          </reporter-output>
        </test-method> <!-- tearDown -->
      </class> <!-- TestCases.TestRunner -->
    </test> <!-- Surefire test -->
  </suite> <!-- Surefire suite -->
</testng-results>
