<?xml version="1.0" encoding="UTF-8"?>
<testng-results ignored="0" total="8" passed="8" failed="0" skipped="0">
  <reporter-output>
  </reporter-output>
  <suite started-at="2024-04-19T16:24:02 IST" name="Suite" finished-at="2024-04-19T16:24:02 IST" duration-ms="121">
    <groups>
    </groups>
    <test started-at="2024-04-19T16:24:02 IST" name="Test" finished-at="2024-04-19T16:24:02 IST" duration-ms="121">
      <class name="exampleClasses.exampleclass1">
        <test-method is-config="true" signature="method1()[pri:0, instance:exampleClasses.exampleclass1@563f38c4]" started-at="2024-04-19T16:24:02 IST" name="method1" finished-at="2024-04-19T16:24:02 IST" duration-ms="13" status="PASS">
          <reporter-output>
          </reporter-output>
        </test-method> <!-- method1 -->
        <test-method is-config="true" signature="method4()[pri:0, instance:exampleClasses.exampleclass1@563f38c4]" started-at="2024-04-19T16:24:02 IST" name="method4" finished-at="2024-04-19T16:24:02 IST" duration-ms="1" status="PASS">
          <reporter-output>
          </reporter-output>
        </test-method> <!-- method4 -->
        <test-method is-config="true" signature="method2()[pri:0, instance:exampleClasses.exampleclass1@563f38c4]" started-at="2024-04-19T16:24:02 IST" name="method2" finished-at="2024-04-19T16:24:02 IST" duration-ms="1" status="PASS">
          <reporter-output>
          </reporter-output>
        </test-method> <!-- method2 -->
        <test-method is-config="true" signature="method3()[pri:0, instance:exampleClasses.exampleclass1@563f38c4]" started-at="2024-04-19T16:24:02 IST" name="method3" finished-at="2024-04-19T16:24:02 IST" duration-ms="1" status="PASS">
          <reporter-output>
          </reporter-output>
        </test-method> <!-- method3 -->
        <test-method signature="emp_jobDetails()[pri:0, instance:exampleClasses.exampleclass1@563f38c4]" started-at="2024-04-19T16:24:02 IST" name="emp_jobDetails" finished-at="2024-04-19T16:24:02 IST" duration-ms="11" status="PASS">
          <reporter-output>
          </reporter-output>
        </test-method> <!-- emp_jobDetails -->
        <test-method is-config="true" signature="method7()[pri:0, instance:exampleClasses.exampleclass1@563f38c4]" started-at="2024-04-19T16:24:02 IST" name="method7" finished-at="2024-04-19T16:24:02 IST" duration-ms="0" status="PASS">
          <reporter-output>
          </reporter-output>
        </test-method> <!-- method7 -->
        <test-method is-config="true" signature="method3()[pri:0, instance:exampleClasses.exampleclass1@563f38c4]" started-at="2024-04-19T16:24:02 IST" name="method3" finished-at="2024-04-19T16:24:02 IST" duration-ms="1" status="PASS">
          <reporter-output>
          </reporter-output>
        </test-method> <!-- method3 -->
        <test-method signature="emp_performance()[pri:0, instance:exampleClasses.exampleclass1@563f38c4]" started-at="2024-04-19T16:24:02 IST" name="emp_performance" finished-at="2024-04-19T16:24:02 IST" duration-ms="1" status="PASS">
          <reporter-output>
          </reporter-output>
        </test-method> <!-- emp_performance -->
        <test-method is-config="true" signature="method7()[pri:0, instance:exampleClasses.exampleclass1@563f38c4]" started-at="2024-04-19T16:24:02 IST" name="method7" finished-at="2024-04-19T16:24:02 IST" duration-ms="1" status="PASS">
          <reporter-output>
          </reporter-output>
        </test-method> <!-- method7 -->
        <test-method is-config="true" signature="method3()[pri:0, instance:exampleClasses.exampleclass1@563f38c4]" started-at="2024-04-19T16:24:02 IST" name="method3" finished-at="2024-04-19T16:24:02 IST" duration-ms="1" status="PASS">
          <reporter-output>
          </reporter-output>
        </test-method> <!-- method3 -->
        <test-method signature="emp_timesheet()[pri:0, instance:exampleClasses.exampleclass1@563f38c4]" started-at="2024-04-19T16:24:02 IST" name="emp_timesheet" finished-at="2024-04-19T16:24:02 IST" duration-ms="3" status="PASS">
          <reporter-output>
          </reporter-output>
        </test-method> <!-- emp_timesheet -->
        <test-method is-config="true" signature="method7()[pri:0, instance:exampleClasses.exampleclass1@563f38c4]" started-at="2024-04-19T16:24:02 IST" name="method7" finished-at="2024-04-19T16:24:02 IST" duration-ms="2" status="PASS">
          <reporter-output>
          </reporter-output>
        </test-method> <!-- method7 -->
        <test-method is-config="true" signature="method3()[pri:0, instance:exampleClasses.exampleclass1@563f38c4]" started-at="2024-04-19T16:24:02 IST" name="method3" finished-at="2024-04-19T16:24:02 IST" duration-ms="1" status="PASS">
          <reporter-output>
          </reporter-output>
        </test-method> <!-- method3 -->
        <test-method signature="login()[pri:0, instance:exampleClasses.exampleclass1@563f38c4]" started-at="2024-04-19T16:24:02 IST" name="login" finished-at="2024-04-19T16:24:02 IST" duration-ms="1" status="PASS">
          <reporter-output>
          </reporter-output>
        </test-method> <!-- login -->
        <test-method is-config="true" signature="method7()[pri:0, instance:exampleClasses.exampleclass1@563f38c4]" started-at="2024-04-19T16:24:02 IST" name="method7" finished-at="2024-04-19T16:24:02 IST" duration-ms="0" status="PASS">
          <reporter-output>
          </reporter-output>
        </test-method> <!-- method7 -->
        <test-method is-config="true" signature="method8()[pri:0, instance:exampleClasses.exampleclass1@563f38c4]" started-at="2024-04-19T16:24:02 IST" name="method8" finished-at="2024-04-19T16:24:02 IST" duration-ms="0" status="PASS">
          <reporter-output>
          </reporter-output>
        </test-method> <!-- method8 -->
        <test-method is-config="true" signature="method6()[pri:0, instance:exampleClasses.exampleclass1@563f38c4]" started-at="2024-04-19T16:24:02 IST" name="method6" finished-at="2024-04-19T16:24:02 IST" duration-ms="1" status="PASS">
          <reporter-output>
          </reporter-output>
        </test-method> <!-- method6 -->
        <test-method is-config="true" signature="method9()[pri:0, instance:exampleClasses.exampleclass1@563f38c4]" started-at="2024-04-19T16:24:02 IST" name="method9" finished-at="2024-04-19T16:24:02 IST" duration-ms="1" status="PASS">
          <reporter-output>
          </reporter-output>
        </test-method> <!-- method9 -->
      </class> <!-- exampleClasses.exampleclass1 -->
      <class name="exampleClasses.exampleclass2$exampleclass1">
        <test-method is-config="true" signature="method1()[pri:0, instance:exampleClasses.exampleclass2$exampleclass1@1ca3b418]" started-at="2024-04-19T16:24:02 IST" name="method1" finished-at="2024-04-19T16:24:02 IST" duration-ms="1" status="PASS">
          <reporter-output>
          </reporter-output>
        </test-method> <!-- method1 -->
        <test-method is-config="true" signature="method2()[pri:0, instance:exampleClasses.exampleclass2$exampleclass1@1ca3b418]" started-at="2024-04-19T16:24:02 IST" name="method2" finished-at="2024-04-19T16:24:02 IST" duration-ms="1" status="PASS">
          <reporter-output>
          </reporter-output>
        </test-method> <!-- method2 -->
        <test-method signature="cart()[pri:0, instance:exampleClasses.exampleclass2$exampleclass1@1ca3b418]" started-at="2024-04-19T16:24:02 IST" name="cart" finished-at="2024-04-19T16:24:02 IST" duration-ms="5" status="PASS">
          <reporter-output>
          </reporter-output>
        </test-method> <!-- cart -->
        <test-method is-config="true" signature="method6()[pri:0, instance:exampleClasses.exampleclass2$exampleclass1@1ca3b418]" started-at="2024-04-19T16:24:02 IST" name="method6" finished-at="2024-04-19T16:24:02 IST" duration-ms="1" status="PASS">
          <reporter-output>
          </reporter-output>
        </test-method> <!-- method6 -->
        <test-method signature="login()[pri:0, instance:exampleClasses.exampleclass2$exampleclass1@1ca3b418]" started-at="2024-04-19T16:24:02 IST" name="login" finished-at="2024-04-19T16:24:02 IST" duration-ms="2" status="PASS">
          <reporter-output>
          </reporter-output>
        </test-method> <!-- login -->
        <test-method is-config="true" signature="method2()[pri:0, instance:exampleClasses.exampleclass2$exampleclass1@1ca3b418]" started-at="2024-04-19T16:24:02 IST" name="method2" finished-at="2024-04-19T16:24:02 IST" duration-ms="0" status="PASS">
          <reporter-output>
          </reporter-output>
        </test-method> <!-- method2 -->
        <test-method is-config="true" signature="method6()[pri:0, instance:exampleClasses.exampleclass2$exampleclass1@1ca3b418]" started-at="2024-04-19T16:24:02 IST" name="method6" finished-at="2024-04-19T16:24:02 IST" duration-ms="1" status="PASS">
          <reporter-output>
          </reporter-output>
        </test-method> <!-- method6 -->
        <test-method signature="payment()[pri:0, instance:exampleClasses.exampleclass2$exampleclass1@1ca3b418]" started-at="2024-04-19T16:24:02 IST" name="payment" finished-at="2024-04-19T16:24:02 IST" duration-ms="3" status="PASS">
          <reporter-output>
          </reporter-output>
        </test-method> <!-- payment -->
        <test-method is-config="true" signature="method2()[pri:0, instance:exampleClasses.exampleclass2$exampleclass1@1ca3b418]" started-at="2024-04-19T16:24:02 IST" name="method2" finished-at="2024-04-19T16:24:02 IST" duration-ms="0" status="PASS">
          <reporter-output>
          </reporter-output>
        </test-method> <!-- method2 -->
        <test-method is-config="true" signature="method6()[pri:0, instance:exampleClasses.exampleclass2$exampleclass1@1ca3b418]" started-at="2024-04-19T16:24:02 IST" name="method6" finished-at="2024-04-19T16:24:02 IST" duration-ms="1" status="PASS">
          <reporter-output>
          </reporter-output>
        </test-method> <!-- method6 -->
        <test-method is-config="true" signature="method2()[pri:0, instance:exampleClasses.exampleclass2$exampleclass1@1ca3b418]" started-at="2024-04-19T16:24:02 IST" name="method2" finished-at="2024-04-19T16:24:02 IST" duration-ms="1" status="PASS">
          <reporter-output>
          </reporter-output>
        </test-method> <!-- method2 -->
        <test-method signature="searching_product()[pri:0, instance:exampleClasses.exampleclass2$exampleclass1@1ca3b418]" started-at="2024-04-19T16:24:02 IST" name="searching_product" finished-at="2024-04-19T16:24:02 IST" duration-ms="1" status="PASS">
          <reporter-output>
          </reporter-output>
        </test-method> <!-- searching_product -->
        <test-method is-config="true" signature="method6()[pri:0, instance:exampleClasses.exampleclass2$exampleclass1@1ca3b418]" started-at="2024-04-19T16:24:02 IST" name="method6" finished-at="2024-04-19T16:24:02 IST" duration-ms="0" status="PASS">
          <reporter-output>
          </reporter-output>
        </test-method> <!-- method6 -->
        <test-method is-config="true" signature="method5()[pri:0, instance:exampleClasses.exampleclass2$exampleclass1@1ca3b418]" started-at="2024-04-19T16:24:02 IST" name="method5" finished-at="2024-04-19T16:24:02 IST" duration-ms="1" status="PASS">
          <reporter-output>
          </reporter-output>
        </test-method> <!-- method5 -->
      </class> <!-- exampleClasses.exampleclass2$exampleclass1 -->
    </test> <!-- Test -->
  </suite> <!-- Suite -->
</testng-results>
