<?xml version="1.0" encoding="UTF-8"?>
<!-- Generated by org.testng.reporters.JUnitXMLReporter -->
<testsuite ignored="0" hostname="INLEN8520069354" failures="0" tests="8" name="Test" time="0.121" errors="0" timestamp="2024-04-19T16:24:02 IST">
  <testcase classname="exampleClasses.exampleclass1" name="emp_jobDetails" time="0.011"/>
  <testcase classname="exampleClasses.exampleclass1" name="emp_performance" time="0.001"/>
  <testcase classname="exampleClasses.exampleclass1" name="emp_timesheet" time="0.003"/>
  <testcase classname="exampleClasses.exampleclass1" name="login" time="0.001"/>
  <testcase classname="exampleClasses.exampleclass2$exampleclass1" name="cart" time="0.005"/>
  <testcase classname="exampleClasses.exampleclass2$exampleclass1" name="login" time="0.002"/>
  <testcase classname="exampleClasses.exampleclass2$exampleclass1" name="payment" time="0.003"/>
  <testcase classname="exampleClasses.exampleclass2$exampleclass1" name="searching_product" time="0.001"/>
</testsuite> <!-- Test -->
