<?xml version="1.0" encoding="UTF-8"?>
<!-- Generated by org.testng.reporters.JUnitXMLReporter -->
<testsuite ignored="0" hostname="lin76005087" failures="0" tests="4" name="Test" time="13.589" errors="0" timestamp="2024-04-12T15:56:07 IST">
  <testcase classname="testCases.ManagerLoginTest" name="addCustomer" time="2.579"/>
  <testcase classname="testCases.ManagerLoginTest" name="accountNumberCreation" time="2.083"/>
  <testcase classname="testCases.CustomerLoginTest" name="customerLogin" time="2.101"/>
  <testcase classname="testCases.CustomerLoginTest" name="amountWithdrawal" time="6.753"/>
</testsuite> <!-- Test -->
