<?xml version="1.0" encoding="UTF-8"?>
<!-- Generated by org.testng.reporters.JUnitXMLReporter -->
<testsuite ignored="1" hostname="INLEN8520069354" failures="0" tests="2" name="Test" time="2.955" errors="0" timestamp="2024-04-18T14:49:56 IST">
  <testcase classname="Testcases.bankmanagertestcases" name="AddCustomer" time="2.006"/>
  <testcase classname="Testcases.bankmanagertestcases" name="openaccount" time="0.892"/>
  <testcase classname="Testcases.bankmanagertestcases" name="Existingcustomer" time="0.0">
    <ignored/>
  </testcase> <!-- Existingcustomer -->
</testsuite> <!-- Test -->
