<?xml version="1.0" encoding="UTF-8"?>
<!-- Generated by org.testng.reporters.JUnitXMLReporter -->
<testsuite ignored="0" hostname="INLEN8520069354" failures="0" tests="9" name="Surefire test" time="16.628" errors="0" timestamp="2024-05-10T15:09:01 IST">
  <testcase classname="TestCases.TestRunner" name="verifyAddProduct" time="0.596"/>
  <testcase classname="TestCases.TestRunner" name="verifyAddProduct" time="0.448"/>
  <testcase classname="TestCases.TestRunner" name="verifyAddProduct" time="0.405"/>
  <testcase classname="TestCases.TestRunner" name="verifyAddProduct" time="0.393"/>
  <testcase classname="TestCases.TestRunner" name="verifyAddProduct" time="0.365"/>
  <testcase classname="TestCases.TestRunner" name="verifyCartPage" time="3.508"/>
  <testcase classname="TestCases.TestRunner" name="addingMultipleProduct" time="0.732"/>
  <testcase classname="TestCases.TestRunner" name="placeOrder" time="1.853"/>
  <testcase classname="TestCases.TestRunner" name="resetAppstate" time="0.915"/>
</testsuite> <!-- Surefire test -->
